<?xml version="1.0" encoding="UTF-8"?>
<robot generator="Robot 6.1.1 (Python 3.9.6 on win32)" generated="20230813 20:24:43.892" rpa="false" schemaversion="4">
<suite id="s1" name="Mfa Login" source="c:\Users\Admin\OneDrive - Rajamangala University of Technology Suvarnabhumi\My project\automate_test\MFA Login\mfa_login.robot">
<kw name="Open Browser" library="Browser" type="SETUP">
<arg>browser=${BROWSER}</arg>
<arg>headless=${HEADLESS}</arg>
<tag>BrowserControl</tag>
<tag>Setter</tag>
<doc>Opens a new browser instance. Use this keyword for quick experiments or debugging sessions.</doc>
<msg timestamp="20230813 20:24:44.614" level="WARN">Open Browser is for quick experimentation and debugging only. Use New Page for production.</msg>
<msg timestamp="20230813 20:24:44.616" level="INFO">{"browser": "chromium", "headless": false, "chromiumSandbox": false, "devtools": false, "handleSIGHUP": true, "handleSIGINT": true, "handleSIGTERM": true, "ignoreDefaultArgs": false, "slowMo": 0.0, "timeout": 30000.0, "tracesDir": "c:\\Users\\Admin\\OneDrive - Rajamangala University of Technology Suvarnabhumi\\My project\\automate_test\\MFA Login\\browser\\traces\\ca397a0e-deb3-4265-b175-cb7e54e2d2e5"}</msg>
<msg timestamp="20230813 20:24:45.019" level="INFO">Successfully created browser with options: {"browser":"chromium","headless":false,"chromiumSandbox":false,"devtools":false,"handleSIGHUP":true,"handleSIGINT":true,"handleSIGTERM":true,"ignoreDefaultArgs":false,"slowMo":0,"timeout":30000,"tracesDir":"c:\\Users\\Admin\\OneDrive - Rajamangala University of Technology Suvarnabhumi\\My project\\automate_test\\MFA Login\\browser\\traces\\ca397a0e-deb3-4265-b175-cb7e54e2d2e5"}</msg>
<msg timestamp="20230813 20:24:45.020" level="INFO">{
  "acceptDownloads": true,
  "bypassCSP": true,
  "forcedColors": "none",
  "hideRfBrowser": "",
  "ignoreHTTPSErrors": false,
  "javaScriptEnabled": true,
  "offline": false,
  "reducedMotion": "no-preference",
  "serviceWorkers": "allow",
  "viewport": {
    "width": 1280,
    "height": 720
  }
}</msg>
<msg timestamp="20230813 20:24:45.040" level="INFO">Successfully created context. </msg>
<msg timestamp="20230813 20:24:45.042" level="INFO">{'acceptDownloads': True, 'bypassCSP': True, 'forcedColors': 'none', 'hideRfBrowser': '', 'ignoreHTTPSErrors': False, 'javaScriptEnabled': True, 'offline': False, 'reducedMotion': 'no-preference', 'serviceWorkers': 'allow', 'viewport': {'width': 1280, 'height': 720}}</msg>
<msg timestamp="20230813 20:24:45.212" level="INFO">Successfully initialized new page object and opened url: about:blank</msg>
<status status="PASS" starttime="20230813 20:24:44.613" endtime="20230813 20:24:45.214"/>
</kw>
<test id="s1-t1" name="Login Password Wrong" line="43">
<kw name="New Context" library="Browser" type="SETUP">
<tag>BrowserControl</tag>
<tag>Setter</tag>
<doc>Create a new BrowserContext with specified options.</doc>
<msg timestamp="20230813 20:24:45.228" level="INFO">{
  "acceptDownloads": true,
  "bypassCSP": false,
  "forcedColors": "none",
  "hideRfBrowser": "",
  "ignoreHTTPSErrors": false,
  "javaScriptEnabled": true,
  "offline": false,
  "reducedMotion": "no-preference",
  "serviceWorkers": "allow",
  "viewport": {
    "width": 1280,
    "height": 720
  }
}</msg>
<msg timestamp="20230813 20:24:45.243" level="INFO">Successfully created context. </msg>
<msg timestamp="20230813 20:24:45.244" level="INFO">{'acceptDownloads': True, 'bypassCSP': False, 'forcedColors': 'none', 'hideRfBrowser': '', 'ignoreHTTPSErrors': False, 'javaScriptEnabled': True, 'offline': False, 'reducedMotion': 'no-preference', 'serviceWorkers': 'allow', 'viewport': {'width': 1280, 'height': 720}}</msg>
<status status="PASS" starttime="20230813 20:24:45.227" endtime="20230813 20:24:45.244"/>
</kw>
<kw name="New Page" library="Browser">
<arg>https://seleniumbase.io/realworld/login</arg>
<tag>BrowserControl</tag>
<tag>Setter</tag>
<doc>Open a new Page.</doc>
<msg timestamp="20230813 20:24:46.126" level="INFO">Successfully initialized new page object and opened url: https://seleniumbase.io/realworld/login</msg>
<status status="PASS" starttime="20230813 20:24:45.246" endtime="20230813 20:24:46.127"/>
</kw>
<kw name="Fill Text" library="Browser">
<arg>id=username</arg>
<arg>demo_user</arg>
<tag>PageContent</tag>
<tag>Setter</tag>
<doc>Clears and fills the given ``txt`` into the text field found by ``selector``.</doc>
<msg timestamp="20230813 20:24:46.129" level="INFO">Fills the text 'demo_user' in the given field.</msg>
<status status="PASS" starttime="20230813 20:24:46.128" endtime="20230813 20:24:46.230"/>
</kw>
<kw name="Fill Text" library="Browser">
<arg>id=password</arg>
<arg>secret_passa</arg>
<tag>PageContent</tag>
<tag>Setter</tag>
<doc>Clears and fills the given ``txt`` into the text field found by ``selector``.</doc>
<msg timestamp="20230813 20:24:46.232" level="INFO">Fills the text 'secret_passa' in the given field.</msg>
<status status="PASS" starttime="20230813 20:24:46.231" endtime="20230813 20:24:46.259"/>
</kw>
<kw name="Get Totp" library="totp">
<var>${totp}</var>
<arg>GAXG2MTEOR3DMMDG</arg>
<msg timestamp="20230813 20:24:46.260" level="INFO">${totp} = 855641</msg>
<status status="PASS" starttime="20230813 20:24:46.260" endtime="20230813 20:24:46.260"/>
</kw>
<kw name="Fill Text" library="Browser">
<arg>id=totpcode</arg>
<arg>${totp}</arg>
<tag>PageContent</tag>
<tag>Setter</tag>
<doc>Clears and fills the given ``txt`` into the text field found by ``selector``.</doc>
<msg timestamp="20230813 20:24:46.262" level="INFO">Fills the text '855641' in the given field.</msg>
<status status="PASS" starttime="20230813 20:24:46.260" endtime="20230813 20:24:46.310"/>
</kw>
<kw name="Click" library="Browser">
<arg>"Sign in"</arg>
<tag>PageContent</tag>
<tag>Setter</tag>
<doc>Simulates mouse click on the element found by ``selector``.</doc>
<status status="PASS" starttime="20230813 20:24:46.313" endtime="20230813 20:24:46.407"/>
</kw>
<kw name="Get Text" library="Browser">
<var>${top_message}</var>
<arg>xpath=//*[@id="top_message"]</arg>
<tag>Assertion</tag>
<tag>Getter</tag>
<tag>PageContent</tag>
<doc>Returns text attribute of the element found by ``selector``.</doc>
<msg timestamp="20230813 20:24:46.455" level="INFO">Text: 'Invalid Password!'</msg>
<msg timestamp="20230813 20:24:46.455" level="INFO">${top_message} = Invalid Password!</msg>
<status status="PASS" starttime="20230813 20:24:46.408" endtime="20230813 20:24:46.456"/>
</kw>
<kw name="Should Be Equal As Strings" library="BuiltIn">
<arg>${top_message}</arg>
<arg>Invalid Password!</arg>
<doc>Fails if objects are unequal after converting them to strings.</doc>
<status status="PASS" starttime="20230813 20:24:46.456" endtime="20230813 20:24:46.457"/>
</kw>
<kw name="Close Context" library="Browser" type="TEARDOWN">
<tag>BrowserControl</tag>
<tag>Setter</tag>
<doc>Closes a Context.</doc>
<msg timestamp="20230813 20:24:46.463" level="INFO">[
  {
    "type": "chromium",
    "id": "browser=5623fe67-d1de-4c61-a669-d6750ebe4328",
    "contexts": [
      {
        "type": "context",
        "id": "context=7783c70e-22d8-4f66-bd51-73299fc0f4be",
        "activePage": "page=9cd7aa32-3937-498d-8a86-95d034fd55f0",
        "pages": [
          {
            "type": "page",
            "title": "",
            "url": "about:blank",
            "id": "page=9cd7aa32-3937-498d-8a86-95d034fd55f0",
            "timestamp": 1691933085.192
          }
        ]
      },
      {
        "type": "context",
        "id": "context=d5a6ffae-b133-45ea-ae94-9e5c71ad1e6b",
        "activePage": "page=1b02ac9f-e7fc-4d53-b6dc-2f1823b3911b",
        "pages": [
          {
            "type": "page",
            "title": "Login / MFA Demo App",
            "url": "https://seleniumbase.io/realworld/login#",
            "id": "page=1b02ac9f-e7fc-4d53-b6dc-2f1823b3911b",
            "timestamp": 1691933085.365
          }
        ]
      }
    ],
    "activeContext": "context=d5a6ffae-b133-45ea-ae94-9e5c71ad1e6b",
    "activeBrowser": true
  }
]</msg>
<msg timestamp="20230813 20:24:46.464" level="INFO">Switching browser to CURRENT</msg>
<msg timestamp="20230813 20:24:46.467" level="INFO">Active context id</msg>
<msg timestamp="20230813 20:24:46.467" level="INFO">Switching browser to browser=5623fe67-d1de-4c61-a669-d6750ebe4328</msg>
<msg timestamp="20230813 20:24:46.469" level="INFO">Successfully changed active browser</msg>
<msg timestamp="20230813 20:24:46.469" level="INFO">Switching context to CURRENT in CURRENT</msg>
<msg timestamp="20230813 20:24:46.472" level="INFO">Returned active context id</msg>
<msg timestamp="20230813 20:24:46.473" level="INFO">Switching context to context=d5a6ffae-b133-45ea-ae94-9e5c71ad1e6b in CURRENT</msg>
<msg timestamp="20230813 20:24:46.478" level="INFO">[
  {
    "type": "chromium",
    "id": "browser=5623fe67-d1de-4c61-a669-d6750ebe4328",
    "contexts": [
      {
        "type": "context",
        "id": "context=7783c70e-22d8-4f66-bd51-73299fc0f4be",
        "activePage": "page=9cd7aa32-3937-498d-8a86-95d034fd55f0",
        "pages": [
          {
            "type": "page",
            "title": "",
            "url": "about:blank",
            "id": "page=9cd7aa32-3937-498d-8a86-95d034fd55f0",
            "timestamp": 1691933085.192
          }
        ]
      },
      {
        "type": "context",
        "id": "context=d5a6ffae-b133-45ea-ae94-9e5c71ad1e6b",
        "activePage": "page=1b02ac9f-e7fc-4d53-b6dc-2f1823b3911b",
        "pages": [
          {
            "type": "page",
            "title": "Login / MFA Demo App",
            "url": "https://seleniumbase.io/realworld/login#",
            "id": "page=1b02ac9f-e7fc-4d53-b6dc-2f1823b3911b",
            "timestamp": 1691933085.365
          }
        ]
      }
    ],
    "activeContext": "context=d5a6ffae-b133-45ea-ae94-9e5c71ad1e6b",
    "activeBrowser": true
  }
]</msg>
<msg timestamp="20230813 20:24:46.486" level="INFO">Successfully changed active context</msg>
<msg timestamp="20230813 20:24:46.514" level="INFO">Successfully closed Context</msg>
<status status="PASS" starttime="20230813 20:24:46.458" endtime="20230813 20:24:46.515"/>
</kw>
<status status="PASS" starttime="20230813 20:24:45.214" endtime="20230813 20:24:46.515"/>
</test>
<kw name="Close Browser" library="Browser" type="TEARDOWN">
<tag>BrowserControl</tag>
<tag>Setter</tag>
<doc>Closes the current browser.</doc>
<msg timestamp="20230813 20:24:46.646" level="INFO">Closed browser</msg>
<status status="PASS" starttime="20230813 20:24:46.527" endtime="20230813 20:24:46.646"/>
</kw>
<status status="PASS" starttime="20230813 20:24:43.896" endtime="20230813 20:24:46.647"/>
</suite>
<statistics>
<total>
<stat pass="1" fail="0" skip="0">All Tests</stat>
</total>
<tag>
</tag>
<suite>
<stat pass="1" fail="0" skip="0" id="s1" name="Mfa Login">Mfa Login</stat>
</suite>
</statistics>
<errors>
<msg timestamp="20230813 20:24:44.614" level="WARN">Open Browser is for quick experimentation and debugging only. Use New Page for production.</msg>
</errors>
</robot>
