<?xml version="1.0" encoding="UTF-8"?>
<robot generator="Robot 6.1.1 (Python 3.9.6 on win32)" generated="20230827 16:31:34.811" rpa="false" schemaversion="4">
<suite id="s1" name="Mfa Login" source="c:\Users\Admin\OneDrive\เดสก์ท็อป\project  2023\automate_test\MFA Login\mfa_login.robot">
<test id="s1-t1" name="Login Pass And OTP Pass" line="9">
<kw name="Open Browser" library="SeleniumLibrary">
<arg>https://seleniumbase.io/realworld/login</arg>
<arg>browser=${BROWSER}</arg>
<doc>Opens a new browser instance to the optional ``url``.</doc>
<msg timestamp="20230827 16:31:35.115" level="INFO">Opening browser 'chrome' to base url 'https://seleniumbase.io/realworld/login'.</msg>
<status status="PASS" starttime="20230827 16:31:35.114" endtime="20230827 16:31:36.932"/>
</kw>
<kw name="Input Text" library="SeleniumLibrary">
<arg>id=username</arg>
<arg>demo_user</arg>
<doc>Types the given ``text`` into the text field identified by ``locator``.</doc>
<msg timestamp="20230827 16:31:36.934" level="INFO">Typing text 'demo_user' into text field 'id=username'.</msg>
<status status="PASS" starttime="20230827 16:31:36.933" endtime="20230827 16:31:37.037"/>
</kw>
<kw name="Input Text" library="SeleniumLibrary">
<arg>id=password</arg>
<arg>secret_pass</arg>
<doc>Types the given ``text`` into the text field identified by ``locator``.</doc>
<msg timestamp="20230827 16:31:37.040" level="INFO">Typing text 'secret_pass' into text field 'id=password'.</msg>
<status status="PASS" starttime="20230827 16:31:37.039" endtime="20230827 16:31:37.226"/>
</kw>
<kw name="Get Totp" library="totp">
<var>${totp}</var>
<arg>GAXG2MTEOR3DMMDG</arg>
<msg timestamp="20230827 16:31:37.230" level="INFO">${totp} = 073406</msg>
<status status="PASS" starttime="20230827 16:31:37.229" endtime="20230827 16:31:37.230"/>
</kw>
<kw name="Input Text" library="SeleniumLibrary">
<arg>id=totpcode</arg>
<arg>${totp}</arg>
<doc>Types the given ``text`` into the text field identified by ``locator``.</doc>
<msg timestamp="20230827 16:31:37.232" level="INFO">Typing text '073406' into text field 'id=totpcode'.</msg>
<status status="PASS" starttime="20230827 16:31:37.231" endtime="20230827 16:31:37.316"/>
</kw>
<kw name="Click Element" library="SeleniumLibrary">
<arg>id=log-in</arg>
<doc>Click the element identified by ``locator``.</doc>
<msg timestamp="20230827 16:31:37.318" level="INFO">Clicking element 'id=log-in'.</msg>
<status status="PASS" starttime="20230827 16:31:37.317" endtime="20230827 16:31:37.983"/>
</kw>
<kw name="Wait Until Page Contains" library="SeleniumLibrary">
<arg>Welcome!</arg>
<doc>Waits until ``text`` appears on the current page.</doc>
<status status="PASS" starttime="20230827 16:31:37.984" endtime="20230827 16:31:37.997"/>
</kw>
<status status="PASS" starttime="20230827 16:31:35.113" endtime="20230827 16:31:37.998"/>
</test>
<status status="PASS" starttime="20230827 16:31:34.816" endtime="20230827 16:31:38.002"/>
</suite>
<statistics>
<total>
<stat pass="1" fail="0" skip="0">All Tests</stat>
</total>
<tag>
</tag>
<suite>
<stat pass="1" fail="0" skip="0" id="s1" name="Mfa Login">Mfa Login</stat>
</suite>
</statistics>
<errors>
</errors>
</robot>
