<?xml version="1.0" encoding="UTF-8"?>
<robot generator="Robot 6.1.1 (Python 3.9.6 on win32)" generated="20230815 14:56:10.814" rpa="false" schemaversion="4">
<suite id="s1" name="MFA Login" source="C:\Users\Admin\OneDrive\เดสก์ท็อป\project  2023\automate_test\MFA Login">
<suite id="s1-s1" name="Mfa Login" source="C:\Users\Admin\OneDrive\เดสก์ท็อป\project  2023\automate_test\MFA Login\mfa_login.robot">
<kw name="Open Browser" library="Browser" type="SETUP">
<arg>browser=${BROWSER}</arg>
<arg>headless=${HEADLESS}</arg>
<tag>BrowserControl</tag>
<tag>Setter</tag>
<doc>Opens a new browser instance. Use this keyword for quick experiments or debugging sessions.</doc>
<msg timestamp="20230815 14:56:15.185" level="WARN">Open Browser is for quick experimentation and debugging only. Use New Page for production.</msg>
<msg timestamp="20230815 14:56:15.186" level="INFO">{"browser": "chromium", "headless": false, "chromiumSandbox": false, "devtools": false, "handleSIGHUP": true, "handleSIGINT": true, "handleSIGTERM": true, "ignoreDefaultArgs": false, "slowMo": 0.0, "timeout": 30000.0, "tracesDir": "C:\\Users\\Admin\\OneDrive\\\u0e40\u0e14\u0e2a\u0e01\u0e4c\u0e17\u0e47\u0e2d\u0e1b\\project  2023\\automate_test\\MFA Login\\results\\browser\\traces\\1e78e07c-c751-40a3-a2e1-102929b6fd7a"}</msg>
<msg timestamp="20230815 14:56:15.832" level="INFO">Successfully created browser with options: {"browser":"chromium","headless":false,"chromiumSandbox":false,"devtools":false,"handleSIGHUP":true,"handleSIGINT":true,"handleSIGTERM":true,"ignoreDefaultArgs":false,"slowMo":0,"timeout":30000,"tracesDir":"C:\\Users\\Admin\\OneDrive\\เดสก์ท็อป\\project  2023\\automate_test\\MFA Login\\results\\browser\\traces\\1e78e07c-c751-40a3-a2e1-102929b6fd7a"}</msg>
<msg timestamp="20230815 14:56:15.833" level="INFO">{
  "acceptDownloads": true,
  "bypassCSP": true,
  "forcedColors": "none",
  "hideRfBrowser": "",
  "ignoreHTTPSErrors": false,
  "javaScriptEnabled": true,
  "offline": false,
  "reducedMotion": "no-preference",
  "serviceWorkers": "allow",
  "viewport": {
    "width": 1280,
    "height": 720
  }
}</msg>
<msg timestamp="20230815 14:56:15.850" level="INFO">Successfully created context. </msg>
<msg timestamp="20230815 14:56:15.850" level="INFO">{'acceptDownloads': True, 'bypassCSP': True, 'forcedColors': 'none', 'hideRfBrowser': '', 'ignoreHTTPSErrors': False, 'javaScriptEnabled': True, 'offline': False, 'reducedMotion': 'no-preference', 'serviceWorkers': 'allow', 'viewport': {'width': 1280, 'height': 720}}</msg>
<msg timestamp="20230815 14:56:15.992" level="INFO">Successfully initialized new page object and opened url: about:blank</msg>
<status status="PASS" starttime="20230815 14:56:15.183" endtime="20230815 14:56:15.993"/>
</kw>
<test id="s1-s1-t1" name="Login Pass And OTP Pass" line="14">
<kw name="New Context" library="Browser" type="SETUP">
<tag>BrowserControl</tag>
<tag>Setter</tag>
<doc>Create a new BrowserContext with specified options.</doc>
<msg timestamp="20230815 14:56:16.004" level="INFO">{
  "acceptDownloads": true,
  "bypassCSP": false,
  "forcedColors": "none",
  "hideRfBrowser": "",
  "ignoreHTTPSErrors": false,
  "javaScriptEnabled": true,
  "offline": false,
  "reducedMotion": "no-preference",
  "serviceWorkers": "allow",
  "viewport": {
    "width": 1280,
    "height": 720
  }
}</msg>
<msg timestamp="20230815 14:56:16.017" level="INFO">Successfully created context. </msg>
<msg timestamp="20230815 14:56:16.018" level="INFO">{'acceptDownloads': True, 'bypassCSP': False, 'forcedColors': 'none', 'hideRfBrowser': '', 'ignoreHTTPSErrors': False, 'javaScriptEnabled': True, 'offline': False, 'reducedMotion': 'no-preference', 'serviceWorkers': 'allow', 'viewport': {'width': 1280, 'height': 720}}</msg>
<status status="PASS" starttime="20230815 14:56:16.003" endtime="20230815 14:56:16.018"/>
</kw>
<kw name="New Page" library="Browser">
<arg>https://seleniumbase.io/realworld/login</arg>
<tag>BrowserControl</tag>
<tag>Setter</tag>
<doc>Open a new Page.</doc>
<msg timestamp="20230815 14:56:17.173" level="INFO">Successfully initialized new page object and opened url: https://seleniumbase.io/realworld/login</msg>
<status status="PASS" starttime="20230815 14:56:16.021" endtime="20230815 14:56:17.173"/>
</kw>
<kw name="Fill Text" library="Browser">
<arg>id=username</arg>
<arg>demo_user</arg>
<tag>PageContent</tag>
<tag>Setter</tag>
<doc>Clears and fills the given ``txt`` into the text field found by ``selector``.</doc>
<msg timestamp="20230815 14:56:17.175" level="INFO">Fills the text 'demo_user' in the given field.</msg>
<status status="PASS" starttime="20230815 14:56:17.174" endtime="20230815 14:56:17.209"/>
</kw>
<kw name="Fill Text" library="Browser">
<arg>id=password</arg>
<arg>secret_pass</arg>
<tag>PageContent</tag>
<tag>Setter</tag>
<doc>Clears and fills the given ``txt`` into the text field found by ``selector``.</doc>
<msg timestamp="20230815 14:56:17.210" level="INFO">Fills the text 'secret_pass' in the given field.</msg>
<status status="PASS" starttime="20230815 14:56:17.209" endtime="20230815 14:56:17.228"/>
</kw>
<kw name="Get Totp" library="totp">
<var>${totp}</var>
<arg>GAXG2MTEOR3DMMDG</arg>
<msg timestamp="20230815 14:56:17.229" level="INFO">${totp} = 051638</msg>
<status status="PASS" starttime="20230815 14:56:17.228" endtime="20230815 14:56:17.229"/>
</kw>
<kw name="Fill Text" library="Browser">
<arg>id=totpcode</arg>
<arg>${totp}</arg>
<tag>PageContent</tag>
<tag>Setter</tag>
<doc>Clears and fills the given ``txt`` into the text field found by ``selector``.</doc>
<msg timestamp="20230815 14:56:17.230" level="INFO">Fills the text '051638' in the given field.</msg>
<status status="PASS" starttime="20230815 14:56:17.230" endtime="20230815 14:56:17.246"/>
</kw>
<kw name="Click" library="Browser">
<arg>"Sign in"</arg>
<tag>PageContent</tag>
<tag>Setter</tag>
<doc>Simulates mouse click on the element found by ``selector``.</doc>
<status status="PASS" starttime="20230815 14:56:17.247" endtime="20230815 14:56:17.646"/>
</kw>
<kw name="Get Text" library="Browser">
<arg>h1</arg>
<arg>==</arg>
<arg>Welcome!</arg>
<tag>Assertion</tag>
<tag>Getter</tag>
<tag>PageContent</tag>
<doc>Returns text attribute of the element found by ``selector``.</doc>
<msg timestamp="20230815 14:56:17.708" level="INFO">Text: 'Welcome!'</msg>
<status status="PASS" starttime="20230815 14:56:17.648" endtime="20230815 14:56:17.708"/>
</kw>
<kw name="Close Context" library="Browser" type="TEARDOWN">
<tag>BrowserControl</tag>
<tag>Setter</tag>
<doc>Closes a Context.</doc>
<msg timestamp="20230815 14:56:17.712" level="INFO">[
  {
    "type": "chromium",
    "id": "browser=3b7b02bb-63e7-4a94-ae3c-22c2cb36da63",
    "contexts": [
      {
        "type": "context",
        "id": "context=bcd141be-ae09-4274-8a61-897c27ada828",
        "activePage": "page=451c4336-5e79-40cf-8730-72c50d979598",
        "pages": [
          {
            "type": "page",
            "title": "",
            "url": "about:blank",
            "id": "page=451c4336-5e79-40cf-8730-72c50d979598",
            "timestamp": 1692086175.971
          }
        ]
      },
      {
        "type": "context",
        "id": "context=d83f9228-b51a-4cfa-ac1b-fbcdfe547fce",
        "activePage": "page=8b6c764b-15f5-44ed-9f23-332cac7f26d4",
        "pages": [
          {
            "type": "page",
            "title": "Welcome / Demo App",
            "url": "https://seleniumbase.io/realworld/",
            "id": "page=8b6c764b-15f5-44ed-9f23-332cac7f26d4",
            "timestamp": 1692086176.123
          }
        ]
      }
    ],
    "activeContext": "context=d83f9228-b51a-4cfa-ac1b-fbcdfe547fce",
    "activeBrowser": true
  }
]</msg>
<msg timestamp="20230815 14:56:17.713" level="INFO">Switching browser to CURRENT</msg>
<msg timestamp="20230815 14:56:17.715" level="INFO">Active context id</msg>
<msg timestamp="20230815 14:56:17.715" level="INFO">Switching browser to browser=3b7b02bb-63e7-4a94-ae3c-22c2cb36da63</msg>
<msg timestamp="20230815 14:56:17.717" level="INFO">Successfully changed active browser</msg>
<msg timestamp="20230815 14:56:17.717" level="INFO">Switching context to CURRENT in CURRENT</msg>
<msg timestamp="20230815 14:56:17.718" level="INFO">Returned active context id</msg>
<msg timestamp="20230815 14:56:17.719" level="INFO">Switching context to context=d83f9228-b51a-4cfa-ac1b-fbcdfe547fce in CURRENT</msg>
<msg timestamp="20230815 14:56:17.721" level="INFO">[
  {
    "type": "chromium",
    "id": "browser=3b7b02bb-63e7-4a94-ae3c-22c2cb36da63",
    "contexts": [
      {
        "type": "context",
        "id": "context=bcd141be-ae09-4274-8a61-897c27ada828",
        "activePage": "page=451c4336-5e79-40cf-8730-72c50d979598",
        "pages": [
          {
            "type": "page",
            "title": "",
            "url": "about:blank",
            "id": "page=451c4336-5e79-40cf-8730-72c50d979598",
            "timestamp": 1692086175.971
          }
        ]
      },
      {
        "type": "context",
        "id": "context=d83f9228-b51a-4cfa-ac1b-fbcdfe547fce",
        "activePage": "page=8b6c764b-15f5-44ed-9f23-332cac7f26d4",
        "pages": [
          {
            "type": "page",
            "title": "Welcome / Demo App",
            "url": "https://seleniumbase.io/realworld/",
            "id": "page=8b6c764b-15f5-44ed-9f23-332cac7f26d4",
            "timestamp": 1692086176.123
          }
        ]
      }
    ],
    "activeContext": "context=d83f9228-b51a-4cfa-ac1b-fbcdfe547fce",
    "activeBrowser": true
  }
]</msg>
<msg timestamp="20230815 14:56:17.725" level="INFO">Successfully changed active context</msg>
<msg timestamp="20230815 14:56:17.752" level="INFO">Successfully closed Context</msg>
<status status="PASS" starttime="20230815 14:56:17.708" endtime="20230815 14:56:17.752"/>
</kw>
<status status="PASS" starttime="20230815 14:56:15.993" endtime="20230815 14:56:17.753"/>
</test>
<test id="s1-s1-t2" name="Login Pass And OTP Fail" line="23">
<kw name="New Context" library="Browser" type="SETUP">
<tag>BrowserControl</tag>
<tag>Setter</tag>
<doc>Create a new BrowserContext with specified options.</doc>
<msg timestamp="20230815 14:56:17.764" level="INFO">{
  "acceptDownloads": true,
  "bypassCSP": false,
  "forcedColors": "none",
  "hideRfBrowser": "",
  "ignoreHTTPSErrors": false,
  "javaScriptEnabled": true,
  "offline": false,
  "reducedMotion": "no-preference",
  "serviceWorkers": "allow",
  "viewport": {
    "width": 1280,
    "height": 720
  }
}</msg>
<msg timestamp="20230815 14:56:17.772" level="INFO">Successfully created context. </msg>
<msg timestamp="20230815 14:56:17.772" level="INFO">{'acceptDownloads': True, 'bypassCSP': False, 'forcedColors': 'none', 'hideRfBrowser': '', 'ignoreHTTPSErrors': False, 'javaScriptEnabled': True, 'offline': False, 'reducedMotion': 'no-preference', 'serviceWorkers': 'allow', 'viewport': {'width': 1280, 'height': 720}}</msg>
<status status="PASS" starttime="20230815 14:56:17.763" endtime="20230815 14:56:17.772"/>
</kw>
<kw name="New Page" library="Browser">
<arg>https://seleniumbase.io/realworld/login</arg>
<tag>BrowserControl</tag>
<tag>Setter</tag>
<doc>Open a new Page.</doc>
<msg timestamp="20230815 14:56:18.334" level="INFO">Successfully initialized new page object and opened url: https://seleniumbase.io/realworld/login</msg>
<status status="PASS" starttime="20230815 14:56:17.773" endtime="20230815 14:56:18.334"/>
</kw>
<kw name="Fill Text" library="Browser">
<arg>id=username</arg>
<arg>demo_user</arg>
<tag>PageContent</tag>
<tag>Setter</tag>
<doc>Clears and fills the given ``txt`` into the text field found by ``selector``.</doc>
<msg timestamp="20230815 14:56:18.336" level="INFO">Fills the text 'demo_user' in the given field.</msg>
<status status="PASS" starttime="20230815 14:56:18.336" endtime="20230815 14:56:18.364"/>
</kw>
<kw name="Fill Text" library="Browser">
<arg>id=password</arg>
<arg>secret_pass</arg>
<tag>PageContent</tag>
<tag>Setter</tag>
<doc>Clears and fills the given ``txt`` into the text field found by ``selector``.</doc>
<msg timestamp="20230815 14:56:18.365" level="INFO">Fills the text 'secret_pass' in the given field.</msg>
<status status="PASS" starttime="20230815 14:56:18.364" endtime="20230815 14:56:18.379"/>
</kw>
<kw name="Get Totp" library="totp">
<var>${totp}</var>
<arg>JBSWY3DPEHPK3PXP</arg>
<msg timestamp="20230815 14:56:18.385" level="INFO">${totp} = 027395</msg>
<status status="PASS" starttime="20230815 14:56:18.383" endtime="20230815 14:56:18.385"/>
</kw>
<kw name="Fill Text" library="Browser">
<arg>id=totpcode</arg>
<arg>${totp}</arg>
<tag>PageContent</tag>
<tag>Setter</tag>
<doc>Clears and fills the given ``txt`` into the text field found by ``selector``.</doc>
<msg timestamp="20230815 14:56:18.386" level="INFO">Fills the text '027395' in the given field.</msg>
<status status="PASS" starttime="20230815 14:56:18.386" endtime="20230815 14:56:18.401"/>
</kw>
<kw name="Click" library="Browser">
<arg>"Sign in"</arg>
<tag>PageContent</tag>
<tag>Setter</tag>
<doc>Simulates mouse click on the element found by ``selector``.</doc>
<status status="PASS" starttime="20230815 14:56:18.402" endtime="20230815 14:56:18.438"/>
</kw>
<kw name="Get Text" library="Browser">
<var>${top_message}</var>
<arg>xpath=//*[@id="top_message"]</arg>
<tag>Assertion</tag>
<tag>Getter</tag>
<tag>PageContent</tag>
<doc>Returns text attribute of the element found by ``selector``.</doc>
<msg timestamp="20230815 14:56:18.460" level="INFO">Text: 'Invalid MFA Code!'</msg>
<msg timestamp="20230815 14:56:18.460" level="INFO">${top_message} = Invalid MFA Code!</msg>
<status status="PASS" starttime="20230815 14:56:18.439" endtime="20230815 14:56:18.461"/>
</kw>
<kw name="Should Be Equal As Strings" library="BuiltIn">
<arg>${top_message}</arg>
<arg>Invalid MFA Code!</arg>
<doc>Fails if objects are unequal after converting them to strings.</doc>
<status status="PASS" starttime="20230815 14:56:18.462" endtime="20230815 14:56:18.462"/>
</kw>
<kw name="Close Context" library="Browser" type="TEARDOWN">
<tag>BrowserControl</tag>
<tag>Setter</tag>
<doc>Closes a Context.</doc>
<msg timestamp="20230815 14:56:18.468" level="INFO">[
  {
    "type": "chromium",
    "id": "browser=3b7b02bb-63e7-4a94-ae3c-22c2cb36da63",
    "contexts": [
      {
        "type": "context",
        "id": "context=bcd141be-ae09-4274-8a61-897c27ada828",
        "activePage": "page=451c4336-5e79-40cf-8730-72c50d979598",
        "pages": [
          {
            "type": "page",
            "title": "",
            "url": "about:blank",
            "id": "page=451c4336-5e79-40cf-8730-72c50d979598",
            "timestamp": 1692086175.971
          }
        ]
      },
      {
        "type": "context",
        "id": "context=b2403fa6-a522-44dc-91bc-336a9f6094d2",
        "activePage": "page=0adfdb9a-e977-4fe1-84c5-25121c90aa2d",
        "pages": [
          {
            "type": "page",
            "title": "Login / MFA Demo App",
            "url": "https://seleniumbase.io/realworld/login#",
            "id": "page=0adfdb9a-e977-4fe1-84c5-25121c90aa2d",
            "timestamp": 1692086177.85
          }
        ]
      }
    ],
    "activeContext": "context=b2403fa6-a522-44dc-91bc-336a9f6094d2",
    "activeBrowser": true
  }
]</msg>
<msg timestamp="20230815 14:56:18.468" level="INFO">Switching browser to CURRENT</msg>
<msg timestamp="20230815 14:56:18.470" level="INFO">Active context id</msg>
<msg timestamp="20230815 14:56:18.470" level="INFO">Switching browser to browser=3b7b02bb-63e7-4a94-ae3c-22c2cb36da63</msg>
<msg timestamp="20230815 14:56:18.472" level="INFO">Successfully changed active browser</msg>
<msg timestamp="20230815 14:56:18.472" level="INFO">Switching context to CURRENT in CURRENT</msg>
<msg timestamp="20230815 14:56:18.473" level="INFO">Returned active context id</msg>
<msg timestamp="20230815 14:56:18.474" level="INFO">Switching context to context=b2403fa6-a522-44dc-91bc-336a9f6094d2 in CURRENT</msg>
<msg timestamp="20230815 14:56:18.479" level="INFO">[
  {
    "type": "chromium",
    "id": "browser=3b7b02bb-63e7-4a94-ae3c-22c2cb36da63",
    "contexts": [
      {
        "type": "context",
        "id": "context=bcd141be-ae09-4274-8a61-897c27ada828",
        "activePage": "page=451c4336-5e79-40cf-8730-72c50d979598",
        "pages": [
          {
            "type": "page",
            "title": "",
            "url": "about:blank",
            "id": "page=451c4336-5e79-40cf-8730-72c50d979598",
            "timestamp": 1692086175.971
          }
        ]
      },
      {
        "type": "context",
        "id": "context=b2403fa6-a522-44dc-91bc-336a9f6094d2",
        "activePage": "page=0adfdb9a-e977-4fe1-84c5-25121c90aa2d",
        "pages": [
          {
            "type": "page",
            "title": "Login / MFA Demo App",
            "url": "https://seleniumbase.io/realworld/login#",
            "id": "page=0adfdb9a-e977-4fe1-84c5-25121c90aa2d",
            "timestamp": 1692086177.85
          }
        ]
      }
    ],
    "activeContext": "context=b2403fa6-a522-44dc-91bc-336a9f6094d2",
    "activeBrowser": true
  }
]</msg>
<msg timestamp="20230815 14:56:18.482" level="INFO">Successfully changed active context</msg>
<msg timestamp="20230815 14:56:18.505" level="INFO">Successfully closed Context</msg>
<status status="PASS" starttime="20230815 14:56:18.463" endtime="20230815 14:56:18.506"/>
</kw>
<status status="PASS" starttime="20230815 14:56:17.760" endtime="20230815 14:56:18.507"/>
</test>
<test id="s1-s1-t3" name="Login Username Wrong" line="33">
<kw name="New Context" library="Browser" type="SETUP">
<tag>BrowserControl</tag>
<tag>Setter</tag>
<doc>Create a new BrowserContext with specified options.</doc>
<msg timestamp="20230815 14:56:18.521" level="INFO">{
  "acceptDownloads": true,
  "bypassCSP": false,
  "forcedColors": "none",
  "hideRfBrowser": "",
  "ignoreHTTPSErrors": false,
  "javaScriptEnabled": true,
  "offline": false,
  "reducedMotion": "no-preference",
  "serviceWorkers": "allow",
  "viewport": {
    "width": 1280,
    "height": 720
  }
}</msg>
<msg timestamp="20230815 14:56:18.529" level="INFO">Successfully created context. </msg>
<msg timestamp="20230815 14:56:18.530" level="INFO">{'acceptDownloads': True, 'bypassCSP': False, 'forcedColors': 'none', 'hideRfBrowser': '', 'ignoreHTTPSErrors': False, 'javaScriptEnabled': True, 'offline': False, 'reducedMotion': 'no-preference', 'serviceWorkers': 'allow', 'viewport': {'width': 1280, 'height': 720}}</msg>
<status status="PASS" starttime="20230815 14:56:18.521" endtime="20230815 14:56:18.530"/>
</kw>
<kw name="New Page" library="Browser">
<arg>https://seleniumbase.io/realworld/login</arg>
<tag>BrowserControl</tag>
<tag>Setter</tag>
<doc>Open a new Page.</doc>
<msg timestamp="20230815 14:56:19.007" level="INFO">Successfully initialized new page object and opened url: https://seleniumbase.io/realworld/login</msg>
<status status="PASS" starttime="20230815 14:56:18.531" endtime="20230815 14:56:19.008"/>
</kw>
<kw name="Fill Text" library="Browser">
<arg>id=username</arg>
<arg>demo_user2</arg>
<tag>PageContent</tag>
<tag>Setter</tag>
<doc>Clears and fills the given ``txt`` into the text field found by ``selector``.</doc>
<msg timestamp="20230815 14:56:19.010" level="INFO">Fills the text 'demo_user2' in the given field.</msg>
<status status="PASS" starttime="20230815 14:56:19.009" endtime="20230815 14:56:19.043"/>
</kw>
<kw name="Fill Text" library="Browser">
<arg>id=password</arg>
<arg>secret_pass</arg>
<tag>PageContent</tag>
<tag>Setter</tag>
<doc>Clears and fills the given ``txt`` into the text field found by ``selector``.</doc>
<msg timestamp="20230815 14:56:19.044" level="INFO">Fills the text 'secret_pass' in the given field.</msg>
<status status="PASS" starttime="20230815 14:56:19.043" endtime="20230815 14:56:19.055"/>
</kw>
<kw name="Get Totp" library="totp">
<var>${totp}</var>
<arg>GAXG2MTEOR3DMMDG</arg>
<msg timestamp="20230815 14:56:19.056" level="INFO">${totp} = 051638</msg>
<status status="PASS" starttime="20230815 14:56:19.056" endtime="20230815 14:56:19.056"/>
</kw>
<kw name="Fill Text" library="Browser">
<arg>id=totpcode</arg>
<arg>${totp}</arg>
<tag>PageContent</tag>
<tag>Setter</tag>
<doc>Clears and fills the given ``txt`` into the text field found by ``selector``.</doc>
<msg timestamp="20230815 14:56:19.058" level="INFO">Fills the text '051638' in the given field.</msg>
<status status="PASS" starttime="20230815 14:56:19.056" endtime="20230815 14:56:19.070"/>
</kw>
<kw name="Click" library="Browser">
<arg>"Sign in"</arg>
<tag>PageContent</tag>
<tag>Setter</tag>
<doc>Simulates mouse click on the element found by ``selector``.</doc>
<status status="PASS" starttime="20230815 14:56:19.071" endtime="20230815 14:56:19.104"/>
</kw>
<kw name="Get Text" library="Browser">
<var>${top_message}</var>
<arg>xpath=//*[@id="top_message"]</arg>
<tag>Assertion</tag>
<tag>Getter</tag>
<tag>PageContent</tag>
<doc>Returns text attribute of the element found by ``selector``.</doc>
<msg timestamp="20230815 14:56:19.123" level="INFO">Text: 'Invalid Username!'</msg>
<msg timestamp="20230815 14:56:19.123" level="INFO">${top_message} = Invalid Username!</msg>
<status status="PASS" starttime="20230815 14:56:19.105" endtime="20230815 14:56:19.123"/>
</kw>
<kw name="Should Be Equal As Strings" library="BuiltIn">
<arg>${top_message}</arg>
<arg>Invalid Username!</arg>
<doc>Fails if objects are unequal after converting them to strings.</doc>
<status status="PASS" starttime="20230815 14:56:19.125" endtime="20230815 14:56:19.125"/>
</kw>
<kw name="Close Context" library="Browser" type="TEARDOWN">
<tag>BrowserControl</tag>
<tag>Setter</tag>
<doc>Closes a Context.</doc>
<msg timestamp="20230815 14:56:19.143" level="INFO">[
  {
    "type": "chromium",
    "id": "browser=3b7b02bb-63e7-4a94-ae3c-22c2cb36da63",
    "contexts": [
      {
        "type": "context",
        "id": "context=bcd141be-ae09-4274-8a61-897c27ada828",
        "activePage": "page=451c4336-5e79-40cf-8730-72c50d979598",
        "pages": [
          {
            "type": "page",
            "title": "",
            "url": "about:blank",
            "id": "page=451c4336-5e79-40cf-8730-72c50d979598",
            "timestamp": 1692086175.971
          }
        ]
      },
      {
        "type": "context",
        "id": "context=6fae3c7d-e113-471f-af37-d14d9ce301be",
        "activePage": "page=e575d573-425d-405a-a6a4-d6e1fc77db7f",
        "pages": [
          {
            "type": "page",
            "title": "Login / MFA Demo App",
            "url": "https://seleniumbase.io/realworld/login#",
            "id": "page=e575d573-425d-405a-a6a4-d6e1fc77db7f",
            "timestamp": 1692086178.614
          }
        ]
      }
    ],
    "activeContext": "context=6fae3c7d-e113-471f-af37-d14d9ce301be",
    "activeBrowser": true
  }
]</msg>
<msg timestamp="20230815 14:56:19.144" level="INFO">Switching browser to CURRENT</msg>
<msg timestamp="20230815 14:56:19.146" level="INFO">Active context id</msg>
<msg timestamp="20230815 14:56:19.146" level="INFO">Switching browser to browser=3b7b02bb-63e7-4a94-ae3c-22c2cb36da63</msg>
<msg timestamp="20230815 14:56:19.149" level="INFO">Successfully changed active browser</msg>
<msg timestamp="20230815 14:56:19.149" level="INFO">Switching context to CURRENT in CURRENT</msg>
<msg timestamp="20230815 14:56:19.151" level="INFO">Returned active context id</msg>
<msg timestamp="20230815 14:56:19.152" level="INFO">Switching context to context=6fae3c7d-e113-471f-af37-d14d9ce301be in CURRENT</msg>
<msg timestamp="20230815 14:56:19.159" level="INFO">[
  {
    "type": "chromium",
    "id": "browser=3b7b02bb-63e7-4a94-ae3c-22c2cb36da63",
    "contexts": [
      {
        "type": "context",
        "id": "context=bcd141be-ae09-4274-8a61-897c27ada828",
        "activePage": "page=451c4336-5e79-40cf-8730-72c50d979598",
        "pages": [
          {
            "type": "page",
            "title": "",
            "url": "about:blank",
            "id": "page=451c4336-5e79-40cf-8730-72c50d979598",
            "timestamp": 1692086175.971
          }
        ]
      },
      {
        "type": "context",
        "id": "context=6fae3c7d-e113-471f-af37-d14d9ce301be",
        "activePage": "page=e575d573-425d-405a-a6a4-d6e1fc77db7f",
        "pages": [
          {
            "type": "page",
            "title": "Login / MFA Demo App",
            "url": "https://seleniumbase.io/realworld/login#",
            "id": "page=e575d573-425d-405a-a6a4-d6e1fc77db7f",
            "timestamp": 1692086178.614
          }
        ]
      }
    ],
    "activeContext": "context=6fae3c7d-e113-471f-af37-d14d9ce301be",
    "activeBrowser": true
  }
]</msg>
<msg timestamp="20230815 14:56:19.164" level="INFO">Successfully changed active context</msg>
<msg timestamp="20230815 14:56:19.190" level="INFO">Successfully closed Context</msg>
<status status="PASS" starttime="20230815 14:56:19.136" endtime="20230815 14:56:19.191"/>
</kw>
<status status="PASS" starttime="20230815 14:56:18.516" endtime="20230815 14:56:19.194"/>
</test>
<test id="s1-s1-t4" name="Login Password Wrong" line="43">
<kw name="New Context" library="Browser" type="SETUP">
<tag>BrowserControl</tag>
<tag>Setter</tag>
<doc>Create a new BrowserContext with specified options.</doc>
<msg timestamp="20230815 14:56:19.210" level="INFO">{
  "acceptDownloads": true,
  "bypassCSP": false,
  "forcedColors": "none",
  "hideRfBrowser": "",
  "ignoreHTTPSErrors": false,
  "javaScriptEnabled": true,
  "offline": false,
  "reducedMotion": "no-preference",
  "serviceWorkers": "allow",
  "viewport": {
    "width": 1280,
    "height": 720
  }
}</msg>
<msg timestamp="20230815 14:56:19.217" level="INFO">Successfully created context. </msg>
<msg timestamp="20230815 14:56:19.217" level="INFO">{'acceptDownloads': True, 'bypassCSP': False, 'forcedColors': 'none', 'hideRfBrowser': '', 'ignoreHTTPSErrors': False, 'javaScriptEnabled': True, 'offline': False, 'reducedMotion': 'no-preference', 'serviceWorkers': 'allow', 'viewport': {'width': 1280, 'height': 720}}</msg>
<status status="PASS" starttime="20230815 14:56:19.209" endtime="20230815 14:56:19.218"/>
</kw>
<kw name="New Page" library="Browser">
<arg>https://seleniumbase.io/realworld/login</arg>
<tag>BrowserControl</tag>
<tag>Setter</tag>
<doc>Open a new Page.</doc>
<msg timestamp="20230815 14:56:19.728" level="INFO">Successfully initialized new page object and opened url: https://seleniumbase.io/realworld/login</msg>
<status status="PASS" starttime="20230815 14:56:19.219" endtime="20230815 14:56:19.729"/>
</kw>
<kw name="Fill Text" library="Browser">
<arg>id=username</arg>
<arg>demo_user</arg>
<tag>PageContent</tag>
<tag>Setter</tag>
<doc>Clears and fills the given ``txt`` into the text field found by ``selector``.</doc>
<msg timestamp="20230815 14:56:19.730" level="INFO">Fills the text 'demo_user' in the given field.</msg>
<status status="PASS" starttime="20230815 14:56:19.729" endtime="20230815 14:56:19.760"/>
</kw>
<kw name="Fill Text" library="Browser">
<arg>id=password</arg>
<arg>secret_passa</arg>
<tag>PageContent</tag>
<tag>Setter</tag>
<doc>Clears and fills the given ``txt`` into the text field found by ``selector``.</doc>
<msg timestamp="20230815 14:56:19.761" level="INFO">Fills the text 'secret_passa' in the given field.</msg>
<status status="PASS" starttime="20230815 14:56:19.760" endtime="20230815 14:56:19.774"/>
</kw>
<kw name="Get Totp" library="totp">
<var>${totp}</var>
<arg>GAXG2MTEOR3DMMDG</arg>
<msg timestamp="20230815 14:56:19.775" level="INFO">${totp} = 051638</msg>
<status status="PASS" starttime="20230815 14:56:19.775" endtime="20230815 14:56:19.775"/>
</kw>
<kw name="Fill Text" library="Browser">
<arg>id=totpcode</arg>
<arg>${totp}</arg>
<tag>PageContent</tag>
<tag>Setter</tag>
<doc>Clears and fills the given ``txt`` into the text field found by ``selector``.</doc>
<msg timestamp="20230815 14:56:19.776" level="INFO">Fills the text '051638' in the given field.</msg>
<status status="PASS" starttime="20230815 14:56:19.776" endtime="20230815 14:56:19.789"/>
</kw>
<kw name="Click" library="Browser">
<arg>"Sign in"</arg>
<tag>PageContent</tag>
<tag>Setter</tag>
<doc>Simulates mouse click on the element found by ``selector``.</doc>
<status status="PASS" starttime="20230815 14:56:19.789" endtime="20230815 14:56:19.825"/>
</kw>
<kw name="Get Text" library="Browser">
<var>${top_message}</var>
<arg>xpath=//*[@id="top_message"]</arg>
<tag>Assertion</tag>
<tag>Getter</tag>
<tag>PageContent</tag>
<doc>Returns text attribute of the element found by ``selector``.</doc>
<msg timestamp="20230815 14:56:19.843" level="INFO">Text: 'Invalid Password!'</msg>
<msg timestamp="20230815 14:56:19.844" level="INFO">${top_message} = Invalid Password!</msg>
<status status="PASS" starttime="20230815 14:56:19.826" endtime="20230815 14:56:19.844"/>
</kw>
<kw name="Should Be Equal As Strings" library="BuiltIn">
<arg>${top_message}</arg>
<arg>Invalid Password!</arg>
<doc>Fails if objects are unequal after converting them to strings.</doc>
<status status="PASS" starttime="20230815 14:56:19.845" endtime="20230815 14:56:19.845"/>
</kw>
<kw name="Close Context" library="Browser" type="TEARDOWN">
<tag>BrowserControl</tag>
<tag>Setter</tag>
<doc>Closes a Context.</doc>
<msg timestamp="20230815 14:56:19.848" level="INFO">[
  {
    "type": "chromium",
    "id": "browser=3b7b02bb-63e7-4a94-ae3c-22c2cb36da63",
    "contexts": [
      {
        "type": "context",
        "id": "context=bcd141be-ae09-4274-8a61-897c27ada828",
        "activePage": "page=451c4336-5e79-40cf-8730-72c50d979598",
        "pages": [
          {
            "type": "page",
            "title": "",
            "url": "about:blank",
            "id": "page=451c4336-5e79-40cf-8730-72c50d979598",
            "timestamp": 1692086175.971
          }
        ]
      },
      {
        "type": "context",
        "id": "context=ae03b0b9-e039-4213-880a-46628303a966",
        "activePage": "page=467c8565-bff0-45df-8934-519616d98c4e",
        "pages": [
          {
            "type": "page",
            "title": "Login / MFA Demo App",
            "url": "https://seleniumbase.io/realworld/login#",
            "id": "page=467c8565-bff0-45df-8934-519616d98c4e",
            "timestamp": 1692086179.311
          }
        ]
      }
    ],
    "activeContext": "context=ae03b0b9-e039-4213-880a-46628303a966",
    "activeBrowser": true
  }
]</msg>
<msg timestamp="20230815 14:56:19.848" level="INFO">Switching browser to CURRENT</msg>
<msg timestamp="20230815 14:56:19.849" level="INFO">Active context id</msg>
<msg timestamp="20230815 14:56:19.850" level="INFO">Switching browser to browser=3b7b02bb-63e7-4a94-ae3c-22c2cb36da63</msg>
<msg timestamp="20230815 14:56:19.851" level="INFO">Successfully changed active browser</msg>
<msg timestamp="20230815 14:56:19.851" level="INFO">Switching context to CURRENT in CURRENT</msg>
<msg timestamp="20230815 14:56:19.852" level="INFO">Returned active context id</msg>
<msg timestamp="20230815 14:56:19.853" level="INFO">Switching context to context=ae03b0b9-e039-4213-880a-46628303a966 in CURRENT</msg>
<msg timestamp="20230815 14:56:19.859" level="INFO">[
  {
    "type": "chromium",
    "id": "browser=3b7b02bb-63e7-4a94-ae3c-22c2cb36da63",
    "contexts": [
      {
        "type": "context",
        "id": "context=bcd141be-ae09-4274-8a61-897c27ada828",
        "activePage": "page=451c4336-5e79-40cf-8730-72c50d979598",
        "pages": [
          {
            "type": "page",
            "title": "",
            "url": "about:blank",
            "id": "page=451c4336-5e79-40cf-8730-72c50d979598",
            "timestamp": 1692086175.971
          }
        ]
      },
      {
        "type": "context",
        "id": "context=ae03b0b9-e039-4213-880a-46628303a966",
        "activePage": "page=467c8565-bff0-45df-8934-519616d98c4e",
        "pages": [
          {
            "type": "page",
            "title": "Login / MFA Demo App",
            "url": "https://seleniumbase.io/realworld/login#",
            "id": "page=467c8565-bff0-45df-8934-519616d98c4e",
            "timestamp": 1692086179.311
          }
        ]
      }
    ],
    "activeContext": "context=ae03b0b9-e039-4213-880a-46628303a966",
    "activeBrowser": true
  }
]</msg>
<msg timestamp="20230815 14:56:19.863" level="INFO">Successfully changed active context</msg>
<msg timestamp="20230815 14:56:19.886" level="INFO">Successfully closed Context</msg>
<status status="PASS" starttime="20230815 14:56:19.846" endtime="20230815 14:56:19.887"/>
</kw>
<status status="PASS" starttime="20230815 14:56:19.204" endtime="20230815 14:56:19.888"/>
</test>
<test id="s1-s1-t5" name="Login Without Username" line="53">
<kw name="New Context" library="Browser" type="SETUP">
<tag>BrowserControl</tag>
<tag>Setter</tag>
<doc>Create a new BrowserContext with specified options.</doc>
<msg timestamp="20230815 14:56:19.899" level="INFO">{
  "acceptDownloads": true,
  "bypassCSP": false,
  "forcedColors": "none",
  "hideRfBrowser": "",
  "ignoreHTTPSErrors": false,
  "javaScriptEnabled": true,
  "offline": false,
  "reducedMotion": "no-preference",
  "serviceWorkers": "allow",
  "viewport": {
    "width": 1280,
    "height": 720
  }
}</msg>
<msg timestamp="20230815 14:56:19.906" level="INFO">Successfully created context. </msg>
<msg timestamp="20230815 14:56:19.907" level="INFO">{'acceptDownloads': True, 'bypassCSP': False, 'forcedColors': 'none', 'hideRfBrowser': '', 'ignoreHTTPSErrors': False, 'javaScriptEnabled': True, 'offline': False, 'reducedMotion': 'no-preference', 'serviceWorkers': 'allow', 'viewport': {'width': 1280, 'height': 720}}</msg>
<status status="PASS" starttime="20230815 14:56:19.898" endtime="20230815 14:56:19.907"/>
</kw>
<kw name="New Page" library="Browser">
<arg>https://seleniumbase.io/realworld/login</arg>
<tag>BrowserControl</tag>
<tag>Setter</tag>
<doc>Open a new Page.</doc>
<msg timestamp="20230815 14:56:20.431" level="INFO">Successfully initialized new page object and opened url: https://seleniumbase.io/realworld/login</msg>
<status status="PASS" starttime="20230815 14:56:19.909" endtime="20230815 14:56:20.432"/>
</kw>
<kw name="Fill Text" library="Browser">
<arg>id=password</arg>
<arg>secret_pass</arg>
<tag>PageContent</tag>
<tag>Setter</tag>
<doc>Clears and fills the given ``txt`` into the text field found by ``selector``.</doc>
<msg timestamp="20230815 14:56:20.433" level="INFO">Fills the text 'secret_pass' in the given field.</msg>
<status status="PASS" starttime="20230815 14:56:20.433" endtime="20230815 14:56:20.462"/>
</kw>
<kw name="Get Totp" library="totp">
<var>${totp}</var>
<arg>GAXG2MTEOR3DMMDG</arg>
<msg timestamp="20230815 14:56:20.464" level="INFO">${totp} = 051638</msg>
<status status="PASS" starttime="20230815 14:56:20.463" endtime="20230815 14:56:20.464"/>
</kw>
<kw name="Fill Text" library="Browser">
<arg>id=totpcode</arg>
<arg>${totp}</arg>
<tag>PageContent</tag>
<tag>Setter</tag>
<doc>Clears and fills the given ``txt`` into the text field found by ``selector``.</doc>
<msg timestamp="20230815 14:56:20.466" level="INFO">Fills the text '051638' in the given field.</msg>
<status status="PASS" starttime="20230815 14:56:20.465" endtime="20230815 14:56:20.480"/>
</kw>
<kw name="Click" library="Browser">
<arg>"Sign in"</arg>
<tag>PageContent</tag>
<tag>Setter</tag>
<doc>Simulates mouse click on the element found by ``selector``.</doc>
<status status="PASS" starttime="20230815 14:56:20.481" endtime="20230815 14:56:20.518"/>
</kw>
<kw name="Get Text" library="Browser">
<var>${top_message}</var>
<arg>xpath=//*[@id="top_message"]</arg>
<tag>Assertion</tag>
<tag>Getter</tag>
<tag>PageContent</tag>
<doc>Returns text attribute of the element found by ``selector``.</doc>
<msg timestamp="20230815 14:56:20.539" level="INFO">Text: 'The Username is Required!'</msg>
<msg timestamp="20230815 14:56:20.539" level="INFO">${top_message} = The Username is Required!</msg>
<status status="PASS" starttime="20230815 14:56:20.519" endtime="20230815 14:56:20.539"/>
</kw>
<kw name="Should Be Equal As Strings" library="BuiltIn">
<arg>${top_message}</arg>
<arg>The Username is Required!</arg>
<doc>Fails if objects are unequal after converting them to strings.</doc>
<status status="PASS" starttime="20230815 14:56:20.540" endtime="20230815 14:56:20.541"/>
</kw>
<kw name="Close Context" library="Browser" type="TEARDOWN">
<tag>BrowserControl</tag>
<tag>Setter</tag>
<doc>Closes a Context.</doc>
<msg timestamp="20230815 14:56:20.545" level="INFO">[
  {
    "type": "chromium",
    "id": "browser=3b7b02bb-63e7-4a94-ae3c-22c2cb36da63",
    "contexts": [
      {
        "type": "context",
        "id": "context=bcd141be-ae09-4274-8a61-897c27ada828",
        "activePage": "page=451c4336-5e79-40cf-8730-72c50d979598",
        "pages": [
          {
            "type": "page",
            "title": "",
            "url": "about:blank",
            "id": "page=451c4336-5e79-40cf-8730-72c50d979598",
            "timestamp": 1692086175.971
          }
        ]
      },
      {
        "type": "context",
        "id": "context=f5491f3a-8291-4cd6-aaf6-198b7506ff35",
        "activePage": "page=4b1dd430-7fc8-43dd-9c3d-76dd57a3b216",
        "pages": [
          {
            "type": "page",
            "title": "Login / MFA Demo App",
            "url": "https://seleniumbase.io/realworld/login#",
            "id": "page=4b1dd430-7fc8-43dd-9c3d-76dd57a3b216",
            "timestamp": 1692086179.995
          }
        ]
      }
    ],
    "activeContext": "context=f5491f3a-8291-4cd6-aaf6-198b7506ff35",
    "activeBrowser": true
  }
]</msg>
<msg timestamp="20230815 14:56:20.545" level="INFO">Switching browser to CURRENT</msg>
<msg timestamp="20230815 14:56:20.546" level="INFO">Active context id</msg>
<msg timestamp="20230815 14:56:20.546" level="INFO">Switching browser to browser=3b7b02bb-63e7-4a94-ae3c-22c2cb36da63</msg>
<msg timestamp="20230815 14:56:20.548" level="INFO">Successfully changed active browser</msg>
<msg timestamp="20230815 14:56:20.548" level="INFO">Switching context to CURRENT in CURRENT</msg>
<msg timestamp="20230815 14:56:20.549" level="INFO">Returned active context id</msg>
<msg timestamp="20230815 14:56:20.549" level="INFO">Switching context to context=f5491f3a-8291-4cd6-aaf6-198b7506ff35 in CURRENT</msg>
<msg timestamp="20230815 14:56:20.553" level="INFO">[
  {
    "type": "chromium",
    "id": "browser=3b7b02bb-63e7-4a94-ae3c-22c2cb36da63",
    "contexts": [
      {
        "type": "context",
        "id": "context=bcd141be-ae09-4274-8a61-897c27ada828",
        "activePage": "page=451c4336-5e79-40cf-8730-72c50d979598",
        "pages": [
          {
            "type": "page",
            "title": "",
            "url": "about:blank",
            "id": "page=451c4336-5e79-40cf-8730-72c50d979598",
            "timestamp": 1692086175.971
          }
        ]
      },
      {
        "type": "context",
        "id": "context=f5491f3a-8291-4cd6-aaf6-198b7506ff35",
        "activePage": "page=4b1dd430-7fc8-43dd-9c3d-76dd57a3b216",
        "pages": [
          {
            "type": "page",
            "title": "Login / MFA Demo App",
            "url": "https://seleniumbase.io/realworld/login#",
            "id": "page=4b1dd430-7fc8-43dd-9c3d-76dd57a3b216",
            "timestamp": 1692086179.995
          }
        ]
      }
    ],
    "activeContext": "context=f5491f3a-8291-4cd6-aaf6-198b7506ff35",
    "activeBrowser": true
  }
]</msg>
<msg timestamp="20230815 14:56:20.557" level="INFO">Successfully changed active context</msg>
<msg timestamp="20230815 14:56:20.579" level="INFO">Successfully closed Context</msg>
<status status="PASS" starttime="20230815 14:56:20.541" endtime="20230815 14:56:20.579"/>
</kw>
<status status="PASS" starttime="20230815 14:56:19.894" endtime="20230815 14:56:20.580"/>
</test>
<test id="s1-s1-t6" name="Login Without Password" line="62">
<kw name="New Context" library="Browser" type="SETUP">
<tag>BrowserControl</tag>
<tag>Setter</tag>
<doc>Create a new BrowserContext with specified options.</doc>
<msg timestamp="20230815 14:56:20.596" level="INFO">{
  "acceptDownloads": true,
  "bypassCSP": false,
  "forcedColors": "none",
  "hideRfBrowser": "",
  "ignoreHTTPSErrors": false,
  "javaScriptEnabled": true,
  "offline": false,
  "reducedMotion": "no-preference",
  "serviceWorkers": "allow",
  "viewport": {
    "width": 1280,
    "height": 720
  }
}</msg>
<msg timestamp="20230815 14:56:20.602" level="INFO">Successfully created context. </msg>
<msg timestamp="20230815 14:56:20.603" level="INFO">{'acceptDownloads': True, 'bypassCSP': False, 'forcedColors': 'none', 'hideRfBrowser': '', 'ignoreHTTPSErrors': False, 'javaScriptEnabled': True, 'offline': False, 'reducedMotion': 'no-preference', 'serviceWorkers': 'allow', 'viewport': {'width': 1280, 'height': 720}}</msg>
<status status="PASS" starttime="20230815 14:56:20.595" endtime="20230815 14:56:20.603"/>
</kw>
<kw name="New Page" library="Browser">
<arg>https://seleniumbase.io/realworld/login</arg>
<tag>BrowserControl</tag>
<tag>Setter</tag>
<doc>Open a new Page.</doc>
<msg timestamp="20230815 14:56:21.139" level="INFO">Successfully initialized new page object and opened url: https://seleniumbase.io/realworld/login</msg>
<status status="PASS" starttime="20230815 14:56:20.604" endtime="20230815 14:56:21.139"/>
</kw>
<kw name="Fill Text" library="Browser">
<arg>id=username</arg>
<arg>demo_user</arg>
<tag>PageContent</tag>
<tag>Setter</tag>
<doc>Clears and fills the given ``txt`` into the text field found by ``selector``.</doc>
<msg timestamp="20230815 14:56:21.141" level="INFO">Fills the text 'demo_user' in the given field.</msg>
<status status="PASS" starttime="20230815 14:56:21.140" endtime="20230815 14:56:21.165"/>
</kw>
<kw name="Get Totp" library="totp">
<var>${totp}</var>
<arg>GAXG2MTEOR3DMMDG</arg>
<msg timestamp="20230815 14:56:21.166" level="INFO">${totp} = 051638</msg>
<status status="PASS" starttime="20230815 14:56:21.166" endtime="20230815 14:56:21.167"/>
</kw>
<kw name="Fill Text" library="Browser">
<arg>id=totpcode</arg>
<arg>${totp}</arg>
<tag>PageContent</tag>
<tag>Setter</tag>
<doc>Clears and fills the given ``txt`` into the text field found by ``selector``.</doc>
<msg timestamp="20230815 14:56:21.167" level="INFO">Fills the text '051638' in the given field.</msg>
<status status="PASS" starttime="20230815 14:56:21.167" endtime="20230815 14:56:21.179"/>
</kw>
<kw name="Click" library="Browser">
<arg>"Sign in"</arg>
<tag>PageContent</tag>
<tag>Setter</tag>
<doc>Simulates mouse click on the element found by ``selector``.</doc>
<status status="PASS" starttime="20230815 14:56:21.180" endtime="20230815 14:56:21.218"/>
</kw>
<kw name="Get Text" library="Browser">
<var>${top_message}</var>
<arg>xpath=//*[@id="top_message"]</arg>
<tag>Assertion</tag>
<tag>Getter</tag>
<tag>PageContent</tag>
<doc>Returns text attribute of the element found by ``selector``.</doc>
<msg timestamp="20230815 14:56:21.239" level="INFO">Text: 'The Password is Required!'</msg>
<msg timestamp="20230815 14:56:21.239" level="INFO">${top_message} = The Password is Required!</msg>
<status status="PASS" starttime="20230815 14:56:21.219" endtime="20230815 14:56:21.239"/>
</kw>
<kw name="Should Be Equal As Strings" library="BuiltIn">
<arg>${top_message}</arg>
<arg>The Password is Required!</arg>
<doc>Fails if objects are unequal after converting them to strings.</doc>
<status status="PASS" starttime="20230815 14:56:21.240" endtime="20230815 14:56:21.241"/>
</kw>
<kw name="Close Context" library="Browser" type="TEARDOWN">
<tag>BrowserControl</tag>
<tag>Setter</tag>
<doc>Closes a Context.</doc>
<msg timestamp="20230815 14:56:21.246" level="INFO">[
  {
    "type": "chromium",
    "id": "browser=3b7b02bb-63e7-4a94-ae3c-22c2cb36da63",
    "contexts": [
      {
        "type": "context",
        "id": "context=bcd141be-ae09-4274-8a61-897c27ada828",
        "activePage": "page=451c4336-5e79-40cf-8730-72c50d979598",
        "pages": [
          {
            "type": "page",
            "title": "",
            "url": "about:blank",
            "id": "page=451c4336-5e79-40cf-8730-72c50d979598",
            "timestamp": 1692086175.971
          }
        ]
      },
      {
        "type": "context",
        "id": "context=22146f34-db1d-4897-a1e6-8b49db85ad72",
        "activePage": "page=9eb90645-2bda-4c7d-808f-3b36507f0098",
        "pages": [
          {
            "type": "page",
            "title": "Login / MFA Demo App",
            "url": "https://seleniumbase.io/realworld/login#",
            "id": "page=9eb90645-2bda-4c7d-808f-3b36507f0098",
            "timestamp": 1692086180.69
          }
        ]
      }
    ],
    "activeContext": "context=22146f34-db1d-4897-a1e6-8b49db85ad72",
    "activeBrowser": true
  }
]</msg>
<msg timestamp="20230815 14:56:21.246" level="INFO">Switching browser to CURRENT</msg>
<msg timestamp="20230815 14:56:21.249" level="INFO">Active context id</msg>
<msg timestamp="20230815 14:56:21.249" level="INFO">Switching browser to browser=3b7b02bb-63e7-4a94-ae3c-22c2cb36da63</msg>
<msg timestamp="20230815 14:56:21.250" level="INFO">Successfully changed active browser</msg>
<msg timestamp="20230815 14:56:21.250" level="INFO">Switching context to CURRENT in CURRENT</msg>
<msg timestamp="20230815 14:56:21.251" level="INFO">Returned active context id</msg>
<msg timestamp="20230815 14:56:21.252" level="INFO">Switching context to context=22146f34-db1d-4897-a1e6-8b49db85ad72 in CURRENT</msg>
<msg timestamp="20230815 14:56:21.256" level="INFO">[
  {
    "type": "chromium",
    "id": "browser=3b7b02bb-63e7-4a94-ae3c-22c2cb36da63",
    "contexts": [
      {
        "type": "context",
        "id": "context=bcd141be-ae09-4274-8a61-897c27ada828",
        "activePage": "page=451c4336-5e79-40cf-8730-72c50d979598",
        "pages": [
          {
            "type": "page",
            "title": "",
            "url": "about:blank",
            "id": "page=451c4336-5e79-40cf-8730-72c50d979598",
            "timestamp": 1692086175.971
          }
        ]
      },
      {
        "type": "context",
        "id": "context=22146f34-db1d-4897-a1e6-8b49db85ad72",
        "activePage": "page=9eb90645-2bda-4c7d-808f-3b36507f0098",
        "pages": [
          {
            "type": "page",
            "title": "Login / MFA Demo App",
            "url": "https://seleniumbase.io/realworld/login#",
            "id": "page=9eb90645-2bda-4c7d-808f-3b36507f0098",
            "timestamp": 1692086180.69
          }
        ]
      }
    ],
    "activeContext": "context=22146f34-db1d-4897-a1e6-8b49db85ad72",
    "activeBrowser": true
  }
]</msg>
<msg timestamp="20230815 14:56:21.258" level="INFO">Successfully changed active context</msg>
<msg timestamp="20230815 14:56:21.286" level="INFO">Successfully closed Context</msg>
<status status="PASS" starttime="20230815 14:56:21.241" endtime="20230815 14:56:21.286"/>
</kw>
<status status="PASS" starttime="20230815 14:56:20.591" endtime="20230815 14:56:21.289"/>
</test>
<test id="s1-s1-t7" name="Login Without OTP" line="71">
<kw name="New Context" library="Browser" type="SETUP">
<tag>BrowserControl</tag>
<tag>Setter</tag>
<doc>Create a new BrowserContext with specified options.</doc>
<msg timestamp="20230815 14:56:21.302" level="INFO">{
  "acceptDownloads": true,
  "bypassCSP": false,
  "forcedColors": "none",
  "hideRfBrowser": "",
  "ignoreHTTPSErrors": false,
  "javaScriptEnabled": true,
  "offline": false,
  "reducedMotion": "no-preference",
  "serviceWorkers": "allow",
  "viewport": {
    "width": 1280,
    "height": 720
  }
}</msg>
<msg timestamp="20230815 14:56:21.310" level="INFO">Successfully created context. </msg>
<msg timestamp="20230815 14:56:21.311" level="INFO">{'acceptDownloads': True, 'bypassCSP': False, 'forcedColors': 'none', 'hideRfBrowser': '', 'ignoreHTTPSErrors': False, 'javaScriptEnabled': True, 'offline': False, 'reducedMotion': 'no-preference', 'serviceWorkers': 'allow', 'viewport': {'width': 1280, 'height': 720}}</msg>
<status status="PASS" starttime="20230815 14:56:21.301" endtime="20230815 14:56:21.311"/>
</kw>
<kw name="New Page" library="Browser">
<arg>https://seleniumbase.io/realworld/login</arg>
<tag>BrowserControl</tag>
<tag>Setter</tag>
<doc>Open a new Page.</doc>
<msg timestamp="20230815 14:56:21.841" level="INFO">Successfully initialized new page object and opened url: https://seleniumbase.io/realworld/login</msg>
<status status="PASS" starttime="20230815 14:56:21.312" endtime="20230815 14:56:21.841"/>
</kw>
<kw name="Fill Text" library="Browser">
<arg>id=username</arg>
<arg>demo_user</arg>
<tag>PageContent</tag>
<tag>Setter</tag>
<doc>Clears and fills the given ``txt`` into the text field found by ``selector``.</doc>
<msg timestamp="20230815 14:56:21.843" level="INFO">Fills the text 'demo_user' in the given field.</msg>
<status status="PASS" starttime="20230815 14:56:21.842" endtime="20230815 14:56:21.869"/>
</kw>
<kw name="Fill Text" library="Browser">
<arg>id=password</arg>
<arg>secret_pass</arg>
<tag>PageContent</tag>
<tag>Setter</tag>
<doc>Clears and fills the given ``txt`` into the text field found by ``selector``.</doc>
<msg timestamp="20230815 14:56:21.870" level="INFO">Fills the text 'secret_pass' in the given field.</msg>
<status status="PASS" starttime="20230815 14:56:21.869" endtime="20230815 14:56:21.884"/>
</kw>
<kw name="Click" library="Browser">
<arg>"Sign in"</arg>
<tag>PageContent</tag>
<tag>Setter</tag>
<doc>Simulates mouse click on the element found by ``selector``.</doc>
<status status="PASS" starttime="20230815 14:56:21.884" endtime="20230815 14:56:21.923"/>
</kw>
<kw name="Get Text" library="Browser">
<var>${top_message}</var>
<arg>xpath=//*[@id="top_message"]</arg>
<tag>Assertion</tag>
<tag>Getter</tag>
<tag>PageContent</tag>
<doc>Returns text attribute of the element found by ``selector``.</doc>
<msg timestamp="20230815 14:56:21.941" level="INFO">Text: 'The MFA Code is Required!'</msg>
<msg timestamp="20230815 14:56:21.941" level="INFO">${top_message} = The MFA Code is Required!</msg>
<status status="PASS" starttime="20230815 14:56:21.924" endtime="20230815 14:56:21.941"/>
</kw>
<kw name="Should Be Equal As Strings" library="BuiltIn">
<arg>${top_message}</arg>
<arg>The MFA Code is Required!</arg>
<doc>Fails if objects are unequal after converting them to strings.</doc>
<status status="PASS" starttime="20230815 14:56:21.942" endtime="20230815 14:56:21.943"/>
</kw>
<kw name="Close Context" library="Browser" type="TEARDOWN">
<tag>BrowserControl</tag>
<tag>Setter</tag>
<doc>Closes a Context.</doc>
<msg timestamp="20230815 14:56:21.947" level="INFO">[
  {
    "type": "chromium",
    "id": "browser=3b7b02bb-63e7-4a94-ae3c-22c2cb36da63",
    "contexts": [
      {
        "type": "context",
        "id": "context=bcd141be-ae09-4274-8a61-897c27ada828",
        "activePage": "page=451c4336-5e79-40cf-8730-72c50d979598",
        "pages": [
          {
            "type": "page",
            "title": "",
            "url": "about:blank",
            "id": "page=451c4336-5e79-40cf-8730-72c50d979598",
            "timestamp": 1692086175.971
          }
        ]
      },
      {
        "type": "context",
        "id": "context=c016e96e-bf76-4e7c-bed9-14045d47d556",
        "activePage": "page=8a5b39fe-9e36-4638-9816-e4004d193de6",
        "pages": [
          {
            "type": "page",
            "title": "Login / MFA Demo App",
            "url": "https://seleniumbase.io/realworld/login#",
            "id": "page=8a5b39fe-9e36-4638-9816-e4004d193de6",
            "timestamp": 1692086181.399
          }
        ]
      }
    ],
    "activeContext": "context=c016e96e-bf76-4e7c-bed9-14045d47d556",
    "activeBrowser": true
  }
]</msg>
<msg timestamp="20230815 14:56:21.948" level="INFO">Switching browser to CURRENT</msg>
<msg timestamp="20230815 14:56:21.950" level="INFO">Active context id</msg>
<msg timestamp="20230815 14:56:21.950" level="INFO">Switching browser to browser=3b7b02bb-63e7-4a94-ae3c-22c2cb36da63</msg>
<msg timestamp="20230815 14:56:21.952" level="INFO">Successfully changed active browser</msg>
<msg timestamp="20230815 14:56:21.952" level="INFO">Switching context to CURRENT in CURRENT</msg>
<msg timestamp="20230815 14:56:21.952" level="INFO">Returned active context id</msg>
<msg timestamp="20230815 14:56:21.953" level="INFO">Switching context to context=c016e96e-bf76-4e7c-bed9-14045d47d556 in CURRENT</msg>
<msg timestamp="20230815 14:56:21.957" level="INFO">[
  {
    "type": "chromium",
    "id": "browser=3b7b02bb-63e7-4a94-ae3c-22c2cb36da63",
    "contexts": [
      {
        "type": "context",
        "id": "context=bcd141be-ae09-4274-8a61-897c27ada828",
        "activePage": "page=451c4336-5e79-40cf-8730-72c50d979598",
        "pages": [
          {
            "type": "page",
            "title": "",
            "url": "about:blank",
            "id": "page=451c4336-5e79-40cf-8730-72c50d979598",
            "timestamp": 1692086175.971
          }
        ]
      },
      {
        "type": "context",
        "id": "context=c016e96e-bf76-4e7c-bed9-14045d47d556",
        "activePage": "page=8a5b39fe-9e36-4638-9816-e4004d193de6",
        "pages": [
          {
            "type": "page",
            "title": "Login / MFA Demo App",
            "url": "https://seleniumbase.io/realworld/login#",
            "id": "page=8a5b39fe-9e36-4638-9816-e4004d193de6",
            "timestamp": 1692086181.399
          }
        ]
      }
    ],
    "activeContext": "context=c016e96e-bf76-4e7c-bed9-14045d47d556",
    "activeBrowser": true
  }
]</msg>
<msg timestamp="20230815 14:56:21.960" level="INFO">Successfully changed active context</msg>
<msg timestamp="20230815 14:56:21.979" level="INFO">Successfully closed Context</msg>
<status status="PASS" starttime="20230815 14:56:21.943" endtime="20230815 14:56:21.980"/>
</kw>
<status status="PASS" starttime="20230815 14:56:21.297" endtime="20230815 14:56:21.981"/>
</test>
<kw name="Close Browser" library="Browser" type="TEARDOWN">
<tag>BrowserControl</tag>
<tag>Setter</tag>
<doc>Closes the current browser.</doc>
<msg timestamp="20230815 14:56:22.121" level="INFO">Closed browser</msg>
<status status="PASS" starttime="20230815 14:56:21.990" endtime="20230815 14:56:22.121"/>
</kw>
<status status="PASS" starttime="20230815 14:56:10.837" endtime="20230815 14:56:22.122"/>
</suite>
<status status="PASS" starttime="20230815 14:56:10.817" endtime="20230815 14:56:22.133"/>
</suite>
<statistics>
<total>
<stat pass="7" fail="0" skip="0">All Tests</stat>
</total>
<tag>
</tag>
<suite>
<stat pass="7" fail="0" skip="0" id="s1" name="MFA Login">MFA Login</stat>
<stat pass="7" fail="0" skip="0" id="s1-s1" name="Mfa Login">MFA Login.Mfa Login</stat>
</suite>
</statistics>
<errors>
<msg timestamp="20230815 14:56:15.185" level="WARN">Open Browser is for quick experimentation and debugging only. Use New Page for production.</msg>
</errors>
</robot>
