<?xml version="1.0" encoding="UTF-8"?>
<robot generator="Robot 6.1.1 (Python 3.9.6 on win32)" generated="20230827 16:34:49.427" rpa="false" schemaversion="4">
<suite id="s1" name="MFA Login" source="C:\Users\Admin\OneDrive\เดสก์ท็อป\project  2023\automate_test\MFA Login">
<suite id="s1-s1" name="Mfa Login" source="C:\Users\Admin\OneDrive\เดสก์ท็อป\project  2023\automate_test\MFA Login\mfa_login.robot">
<test id="s1-s1-t1" name="Login Pass And OTP Pass" line="9">
<kw name="Open Browser" library="SeleniumLibrary">
<arg>https://seleniumbase.io/realworld/login</arg>
<arg>browser=${BROWSER}</arg>
<doc>Opens a new browser instance to the optional ``url``.</doc>
<msg timestamp="20230827 16:34:49.641" level="INFO">Opening browser 'chrome' to base url 'https://seleniumbase.io/realworld/login'.</msg>
<status status="PASS" starttime="20230827 16:34:49.640" endtime="20230827 16:34:51.354"/>
</kw>
<kw name="Input Text" library="SeleniumLibrary">
<arg>id=username</arg>
<arg>demo_user</arg>
<doc>Types the given ``text`` into the text field identified by ``locator``.</doc>
<msg timestamp="20230827 16:34:51.355" level="INFO">Typing text 'demo_user' into text field 'id=username'.</msg>
<status status="PASS" starttime="20230827 16:34:51.355" endtime="20230827 16:34:51.482"/>
</kw>
<kw name="Input Text" library="SeleniumLibrary">
<arg>id=password</arg>
<arg>secret_pass</arg>
<doc>Types the given ``text`` into the text field identified by ``locator``.</doc>
<msg timestamp="20230827 16:34:51.484" level="INFO">Typing text 'secret_pass' into text field 'id=password'.</msg>
<status status="PASS" starttime="20230827 16:34:51.483" endtime="20230827 16:34:51.592"/>
</kw>
<kw name="Get Totp" library="totp">
<var>${totp}</var>
<arg>GAXG2MTEOR3DMMDG</arg>
<msg timestamp="20230827 16:34:51.593" level="INFO">${totp} = 495735</msg>
<status status="PASS" starttime="20230827 16:34:51.593" endtime="20230827 16:34:51.593"/>
</kw>
<kw name="Input Text" library="SeleniumLibrary">
<arg>id=totpcode</arg>
<arg>${totp}</arg>
<doc>Types the given ``text`` into the text field identified by ``locator``.</doc>
<msg timestamp="20230827 16:34:51.594" level="INFO">Typing text '495735' into text field 'id=totpcode'.</msg>
<status status="PASS" starttime="20230827 16:34:51.594" endtime="20230827 16:34:51.673"/>
</kw>
<kw name="Click Element" library="SeleniumLibrary">
<arg>id=log-in</arg>
<doc>Click the element identified by ``locator``.</doc>
<msg timestamp="20230827 16:34:51.674" level="INFO">Clicking element 'id=log-in'.</msg>
<status status="PASS" starttime="20230827 16:34:51.673" endtime="20230827 16:34:51.809"/>
</kw>
<kw name="Wait Until Page Contains" library="SeleniumLibrary">
<arg>Welcome!</arg>
<doc>Waits until ``text`` appears on the current page.</doc>
<status status="PASS" starttime="20230827 16:34:51.810" endtime="20230827 16:34:51.822"/>
</kw>
<status status="PASS" starttime="20230827 16:34:49.639" endtime="20230827 16:34:51.822"/>
</test>
<test id="s1-s1-t2" name="Login Pass And OTP Fail" line="18">
<kw name="Open Browser" library="SeleniumLibrary">
<arg>https://seleniumbase.io/realworld/login</arg>
<arg>browser=${BROWSER}</arg>
<doc>Opens a new browser instance to the optional ``url``.</doc>
<msg timestamp="20230827 16:34:51.825" level="INFO">Opening browser 'chrome' to base url 'https://seleniumbase.io/realworld/login'.</msg>
<status status="PASS" starttime="20230827 16:34:51.824" endtime="20230827 16:34:53.471"/>
</kw>
<kw name="Input Text" library="SeleniumLibrary">
<arg>id=username</arg>
<arg>demo_user</arg>
<doc>Types the given ``text`` into the text field identified by ``locator``.</doc>
<msg timestamp="20230827 16:34:53.473" level="INFO">Typing text 'demo_user' into text field 'id=username'.</msg>
<status status="PASS" starttime="20230827 16:34:53.473" endtime="20230827 16:34:53.569"/>
</kw>
<kw name="Input Text" library="SeleniumLibrary">
<arg>id=password</arg>
<arg>secret_pass</arg>
<doc>Types the given ``text`` into the text field identified by ``locator``.</doc>
<msg timestamp="20230827 16:34:53.571" level="INFO">Typing text 'secret_pass' into text field 'id=password'.</msg>
<status status="PASS" starttime="20230827 16:34:53.570" endtime="20230827 16:34:53.641"/>
</kw>
<kw name="Get Totp" library="totp">
<var>${totp}</var>
<arg>JBSWY3DPEHPK3PXP</arg>
<msg timestamp="20230827 16:34:53.642" level="INFO">${totp} = 126897</msg>
<status status="PASS" starttime="20230827 16:34:53.641" endtime="20230827 16:34:53.642"/>
</kw>
<kw name="Input Text" library="SeleniumLibrary">
<arg>id=totpcode</arg>
<arg>${totp}</arg>
<doc>Types the given ``text`` into the text field identified by ``locator``.</doc>
<msg timestamp="20230827 16:34:53.643" level="INFO">Typing text '126897' into text field 'id=totpcode'.</msg>
<status status="PASS" starttime="20230827 16:34:53.643" endtime="20230827 16:34:53.710"/>
</kw>
<kw name="Click Element" library="SeleniumLibrary">
<arg>id=log-in</arg>
<doc>Click the element identified by ``locator``.</doc>
<msg timestamp="20230827 16:34:53.711" level="INFO">Clicking element 'id=log-in'.</msg>
<status status="PASS" starttime="20230827 16:34:53.710" endtime="20230827 16:34:53.759"/>
</kw>
<kw name="Wait Until Page Contains" library="SeleniumLibrary">
<arg>Invalid MFA Code!</arg>
<doc>Waits until ``text`` appears on the current page.</doc>
<status status="PASS" starttime="20230827 16:34:53.760" endtime="20230827 16:34:53.774"/>
</kw>
<status status="PASS" starttime="20230827 16:34:51.824" endtime="20230827 16:34:53.775"/>
</test>
<test id="s1-s1-t3" name="Login Username Wrong" line="27">
<kw name="Open Browser" library="SeleniumLibrary">
<arg>https://seleniumbase.io/realworld/login</arg>
<arg>browser=${BROWSER}</arg>
<doc>Opens a new browser instance to the optional ``url``.</doc>
<msg timestamp="20230827 16:34:53.779" level="INFO">Opening browser 'chrome' to base url 'https://seleniumbase.io/realworld/login'.</msg>
<status status="PASS" starttime="20230827 16:34:53.778" endtime="20230827 16:34:55.485"/>
</kw>
<kw name="Input Text" library="SeleniumLibrary">
<arg>id=username</arg>
<arg>demo_user2</arg>
<doc>Types the given ``text`` into the text field identified by ``locator``.</doc>
<msg timestamp="20230827 16:34:55.486" level="INFO">Typing text 'demo_user2' into text field 'id=username'.</msg>
<status status="PASS" starttime="20230827 16:34:55.486" endtime="20230827 16:34:55.573"/>
</kw>
<kw name="Input Text" library="SeleniumLibrary">
<arg>id=password</arg>
<arg>secret_pass</arg>
<doc>Types the given ``text`` into the text field identified by ``locator``.</doc>
<msg timestamp="20230827 16:34:55.575" level="INFO">Typing text 'secret_pass' into text field 'id=password'.</msg>
<status status="PASS" starttime="20230827 16:34:55.574" endtime="20230827 16:34:55.653"/>
</kw>
<kw name="Get Totp" library="totp">
<var>${totp}</var>
<arg>GAXG2MTEOR3DMMDG</arg>
<msg timestamp="20230827 16:34:55.654" level="INFO">${totp} = 495735</msg>
<status status="PASS" starttime="20230827 16:34:55.653" endtime="20230827 16:34:55.654"/>
</kw>
<kw name="Input Text" library="SeleniumLibrary">
<arg>id=totpcode</arg>
<arg>${totp}</arg>
<doc>Types the given ``text`` into the text field identified by ``locator``.</doc>
<msg timestamp="20230827 16:34:55.655" level="INFO">Typing text '495735' into text field 'id=totpcode'.</msg>
<status status="PASS" starttime="20230827 16:34:55.655" endtime="20230827 16:34:55.726"/>
</kw>
<kw name="Click Element" library="SeleniumLibrary">
<arg>id=log-in</arg>
<doc>Click the element identified by ``locator``.</doc>
<msg timestamp="20230827 16:34:55.727" level="INFO">Clicking element 'id=log-in'.</msg>
<status status="PASS" starttime="20230827 16:34:55.726" endtime="20230827 16:34:55.778"/>
</kw>
<kw name="Wait Until Page Contains" library="SeleniumLibrary">
<arg>Invalid Username!</arg>
<doc>Waits until ``text`` appears on the current page.</doc>
<status status="PASS" starttime="20230827 16:34:55.779" endtime="20230827 16:34:55.789"/>
</kw>
<status status="PASS" starttime="20230827 16:34:53.777" endtime="20230827 16:34:55.790"/>
</test>
<test id="s1-s1-t4" name="Login Password Wrong" line="36">
<kw name="Open Browser" library="SeleniumLibrary">
<arg>https://seleniumbase.io/realworld/login</arg>
<arg>browser=${BROWSER}</arg>
<doc>Opens a new browser instance to the optional ``url``.</doc>
<msg timestamp="20230827 16:34:55.794" level="INFO">Opening browser 'chrome' to base url 'https://seleniumbase.io/realworld/login'.</msg>
<status status="PASS" starttime="20230827 16:34:55.793" endtime="20230827 16:34:57.484"/>
</kw>
<kw name="Input Text" library="SeleniumLibrary">
<arg>id=username</arg>
<arg>demo_user</arg>
<doc>Types the given ``text`` into the text field identified by ``locator``.</doc>
<msg timestamp="20230827 16:34:57.486" level="INFO">Typing text 'demo_user' into text field 'id=username'.</msg>
<status status="PASS" starttime="20230827 16:34:57.485" endtime="20230827 16:34:57.571"/>
</kw>
<kw name="Input Text" library="SeleniumLibrary">
<arg>id=password</arg>
<arg>secret_passa</arg>
<doc>Types the given ``text`` into the text field identified by ``locator``.</doc>
<msg timestamp="20230827 16:34:57.572" level="INFO">Typing text 'secret_passa' into text field 'id=password'.</msg>
<status status="PASS" starttime="20230827 16:34:57.571" endtime="20230827 16:34:57.650"/>
</kw>
<kw name="Get Totp" library="totp">
<var>${totp}</var>
<arg>GAXG2MTEOR3DMMDG</arg>
<msg timestamp="20230827 16:34:57.652" level="INFO">${totp} = 495735</msg>
<status status="PASS" starttime="20230827 16:34:57.651" endtime="20230827 16:34:57.652"/>
</kw>
<kw name="Input Text" library="SeleniumLibrary">
<arg>id=totpcode</arg>
<arg>${totp}</arg>
<doc>Types the given ``text`` into the text field identified by ``locator``.</doc>
<msg timestamp="20230827 16:34:57.653" level="INFO">Typing text '495735' into text field 'id=totpcode'.</msg>
<status status="PASS" starttime="20230827 16:34:57.652" endtime="20230827 16:34:57.723"/>
</kw>
<kw name="Click Element" library="SeleniumLibrary">
<arg>id=log-in</arg>
<doc>Click the element identified by ``locator``.</doc>
<msg timestamp="20230827 16:34:57.725" level="INFO">Clicking element 'id=log-in'.</msg>
<status status="PASS" starttime="20230827 16:34:57.724" endtime="20230827 16:34:57.776"/>
</kw>
<kw name="Wait Until Page Contains" library="SeleniumLibrary">
<arg>Invalid Password!</arg>
<doc>Waits until ``text`` appears on the current page.</doc>
<status status="PASS" starttime="20230827 16:34:57.777" endtime="20230827 16:34:57.789"/>
</kw>
<status status="PASS" starttime="20230827 16:34:55.792" endtime="20230827 16:34:57.789"/>
</test>
<test id="s1-s1-t5" name="Login Without Username" line="45">
<kw name="Open Browser" library="SeleniumLibrary">
<arg>https://seleniumbase.io/realworld/login</arg>
<arg>browser=${BROWSER}</arg>
<doc>Opens a new browser instance to the optional ``url``.</doc>
<msg timestamp="20230827 16:34:57.793" level="INFO">Opening browser 'chrome' to base url 'https://seleniumbase.io/realworld/login'.</msg>
<status status="PASS" starttime="20230827 16:34:57.793" endtime="20230827 16:34:59.439"/>
</kw>
<kw name="Input Text" library="SeleniumLibrary">
<arg>id=password</arg>
<arg>secret_pass</arg>
<doc>Types the given ``text`` into the text field identified by ``locator``.</doc>
<msg timestamp="20230827 16:34:59.441" level="INFO">Typing text 'secret_pass' into text field 'id=password'.</msg>
<status status="PASS" starttime="20230827 16:34:59.440" endtime="20230827 16:34:59.529"/>
</kw>
<kw name="Get Totp" library="totp">
<var>${totp}</var>
<arg>GAXG2MTEOR3DMMDG</arg>
<msg timestamp="20230827 16:34:59.530" level="INFO">${totp} = 495735</msg>
<status status="PASS" starttime="20230827 16:34:59.529" endtime="20230827 16:34:59.530"/>
</kw>
<kw name="Input Text" library="SeleniumLibrary">
<arg>id=totpcode</arg>
<arg>${totp}</arg>
<doc>Types the given ``text`` into the text field identified by ``locator``.</doc>
<msg timestamp="20230827 16:34:59.531" level="INFO">Typing text '495735' into text field 'id=totpcode'.</msg>
<status status="PASS" starttime="20230827 16:34:59.531" endtime="20230827 16:34:59.604"/>
</kw>
<kw name="Click Element" library="SeleniumLibrary">
<arg>id=log-in</arg>
<doc>Click the element identified by ``locator``.</doc>
<msg timestamp="20230827 16:34:59.605" level="INFO">Clicking element 'id=log-in'.</msg>
<status status="PASS" starttime="20230827 16:34:59.604" endtime="20230827 16:34:59.657"/>
</kw>
<kw name="Wait Until Page Contains" library="SeleniumLibrary">
<arg>The Username is Required!</arg>
<doc>Waits until ``text`` appears on the current page.</doc>
<status status="PASS" starttime="20230827 16:34:59.658" endtime="20230827 16:34:59.669"/>
</kw>
<status status="PASS" starttime="20230827 16:34:57.791" endtime="20230827 16:34:59.669"/>
</test>
<test id="s1-s1-t6" name="Login Without Password" line="53">
<kw name="Open Browser" library="SeleniumLibrary">
<arg>https://seleniumbase.io/realworld/login</arg>
<arg>browser=${BROWSER}</arg>
<doc>Opens a new browser instance to the optional ``url``.</doc>
<msg timestamp="20230827 16:34:59.672" level="INFO">Opening browser 'chrome' to base url 'https://seleniumbase.io/realworld/login'.</msg>
<status status="PASS" starttime="20230827 16:34:59.672" endtime="20230827 16:35:01.345"/>
</kw>
<kw name="Input Text" library="SeleniumLibrary">
<arg>id=username</arg>
<arg>demo_user</arg>
<doc>Types the given ``text`` into the text field identified by ``locator``.</doc>
<msg timestamp="20230827 16:35:01.346" level="INFO">Typing text 'demo_user' into text field 'id=username'.</msg>
<status status="PASS" starttime="20230827 16:35:01.346" endtime="20230827 16:35:01.435"/>
</kw>
<kw name="Get Totp" library="totp">
<var>${totp}</var>
<arg>GAXG2MTEOR3DMMDG</arg>
<msg timestamp="20230827 16:35:01.436" level="INFO">${totp} = 470379</msg>
<status status="PASS" starttime="20230827 16:35:01.436" endtime="20230827 16:35:01.437"/>
</kw>
<kw name="Input Text" library="SeleniumLibrary">
<arg>id=totpcode</arg>
<arg>${totp}</arg>
<doc>Types the given ``text`` into the text field identified by ``locator``.</doc>
<msg timestamp="20230827 16:35:01.438" level="INFO">Typing text '470379' into text field 'id=totpcode'.</msg>
<status status="PASS" starttime="20230827 16:35:01.437" endtime="20230827 16:35:01.507"/>
</kw>
<kw name="Click Element" library="SeleniumLibrary">
<arg>id=log-in</arg>
<doc>Click the element identified by ``locator``.</doc>
<msg timestamp="20230827 16:35:01.508" level="INFO">Clicking element 'id=log-in'.</msg>
<status status="PASS" starttime="20230827 16:35:01.507" endtime="20230827 16:35:01.563"/>
</kw>
<kw name="Wait Until Page Contains" library="SeleniumLibrary">
<arg>The Password is Required!</arg>
<doc>Waits until ``text`` appears on the current page.</doc>
<status status="PASS" starttime="20230827 16:35:01.563" endtime="20230827 16:35:01.576"/>
</kw>
<status status="PASS" starttime="20230827 16:34:59.671" endtime="20230827 16:35:01.577"/>
</test>
<test id="s1-s1-t7" name="Login Without OTP" line="61">
<kw name="Open Browser" library="SeleniumLibrary">
<arg>https://seleniumbase.io/realworld/login</arg>
<arg>browser=${BROWSER}</arg>
<doc>Opens a new browser instance to the optional ``url``.</doc>
<msg timestamp="20230827 16:35:01.580" level="INFO">Opening browser 'chrome' to base url 'https://seleniumbase.io/realworld/login'.</msg>
<status status="PASS" starttime="20230827 16:35:01.579" endtime="20230827 16:35:03.242"/>
</kw>
<kw name="Input Text" library="SeleniumLibrary">
<arg>id=username</arg>
<arg>demo_user</arg>
<doc>Types the given ``text`` into the text field identified by ``locator``.</doc>
<msg timestamp="20230827 16:35:03.244" level="INFO">Typing text 'demo_user' into text field 'id=username'.</msg>
<status status="PASS" starttime="20230827 16:35:03.242" endtime="20230827 16:35:03.333"/>
</kw>
<kw name="Input Text" library="SeleniumLibrary">
<arg>id=password</arg>
<arg>secret_pass</arg>
<doc>Types the given ``text`` into the text field identified by ``locator``.</doc>
<msg timestamp="20230827 16:35:03.334" level="INFO">Typing text 'secret_pass' into text field 'id=password'.</msg>
<status status="PASS" starttime="20230827 16:35:03.333" endtime="20230827 16:35:03.416"/>
</kw>
<kw name="Click Element" library="SeleniumLibrary">
<arg>id=log-in</arg>
<doc>Click the element identified by ``locator``.</doc>
<msg timestamp="20230827 16:35:03.418" level="INFO">Clicking element 'id=log-in'.</msg>
<status status="PASS" starttime="20230827 16:35:03.417" endtime="20230827 16:35:03.485"/>
</kw>
<kw name="Wait Until Page Contains" library="SeleniumLibrary">
<arg>The MFA Code is Required!</arg>
<doc>Waits until ``text`` appears on the current page.</doc>
<status status="PASS" starttime="20230827 16:35:03.486" endtime="20230827 16:35:03.496"/>
</kw>
<status status="PASS" starttime="20230827 16:35:01.578" endtime="20230827 16:35:03.496"/>
</test>
<status status="PASS" starttime="20230827 16:34:49.450" endtime="20230827 16:35:03.498"/>
</suite>
<status status="PASS" starttime="20230827 16:34:49.431" endtime="20230827 16:35:03.501"/>
</suite>
<statistics>
<total>
<stat pass="7" fail="0" skip="0">All Tests</stat>
</total>
<tag>
</tag>
<suite>
<stat pass="7" fail="0" skip="0" id="s1" name="MFA Login">MFA Login</stat>
<stat pass="7" fail="0" skip="0" id="s1-s1" name="Mfa Login">MFA Login.Mfa Login</stat>
</suite>
</statistics>
<errors>
</errors>
</robot>
